<?xml version="1.0" encoding="UTF-8"?>
<testsuite xmlns:xsi="http://www.w3.org/2001/XMLSchema-instance" xsi:noNamespaceSchemaLocation="https://maven.apache.org/surefire/maven-surefire-plugin/xsd/surefire-test-report-3.0.xsd" version="3.0" name="edu.escuelaing.app.AppSvrTest" time="2.097" tests="16" errors="0" skipped="0" failures="0">
  <properties>
[...]
</properties>
  <testcase name="testRegisteredServicesExist" classname="edu.escuelaing.app.AppSvrTest" time="0.02">
    <system-err><![CDATA[SLF4J: Failed to load class "org.slf4j.impl.StaticLoggerBinder".
SLF4J: Defaulting to no-operation (NOP) logger implementation
SLF4J: See http://www.slf4j.org/codes.html#StaticLoggerBinder for further details.
feb 17, 2025 10:12:32 A. M. edu.escuelaing.app.AppSvr.EciBoot loadComponents
INFO: Loading component: edu.escuelaing.app.AppSvr.controllers.MathController
feb 17, 2025 10:12:32 A. M. edu.escuelaing.app.AppSvr.EciBoot loadComponents
INFO: Registered method: square at path /square
feb 17, 2025 10:12:32 A. M. edu.escuelaing.app.AppSvr.EciBoot loadComponents
INFO: Loading component: edu.escuelaing.app.AppSvr.controllers.GreetingController
feb 17, 2025 10:12:32 A. M. edu.escuelaing.app.AppSvr.EciBoot loadComponents
INFO: Registered method: pi at path /pi
feb 17, 2025 10:12:32 A. M. edu.escuelaing.app.AppSvr.EciBoot loadComponents
INFO: Registered method: greeting at path /greeting
feb 17, 2025 10:12:32 A. M. edu.escuelaing.app.AppSvr.EciBoot loadComponents
INFO: Components loaded successfully.
]]></system-err>
  </testcase>
  <testcase name="testMultipleParameters" classname="edu.escuelaing.app.AppSvrTest" time="0.004"/>
  <testcase name="testMissingRequiredParam" classname="edu.escuelaing.app.AppSvrTest" time="0.005">
    <system-err><![CDATA[feb 17, 2025 10:12:34 A. M. edu.escuelaing.app.AppSvr.EciBoot executeService
SEVERE: Error executing service: Required parameter 'n' is missing
]]></system-err>
  </testcase>
  <testcase name="testDuplicateParameters" classname="edu.escuelaing.app.AppSvrTest" time="0.001"/>
  <testcase name="testEmptyQueryString" classname="edu.escuelaing.app.AppSvrTest" time="0.001"/>
  <testcase name="testSingleParameter" classname="edu.escuelaing.app.AppSvrTest" time="0.001"/>
  <testcase name="testNotFoundRoute" classname="edu.escuelaing.app.AppSvrTest" time="0.001"/>
  <testcase name="testNullQueryString" classname="edu.escuelaing.app.AppSvrTest" time="0.0"/>
  <testcase name="testPiEndpoint" classname="edu.escuelaing.app.AppSvrTest" time="0.001"/>
  <testcase name="testSpecialCharactersInParameters" classname="edu.escuelaing.app.AppSvrTest" time="0.001"/>
  <testcase name="testSquareEndpoint" classname="edu.escuelaing.app.AppSvrTest" time="0.002"/>
  <testcase name="testSimulatedRequest" classname="edu.escuelaing.app.AppSvrTest" time="0.001"/>
  <testcase name="testGreetingEndpoint" classname="edu.escuelaing.app.AppSvrTest" time="0.001"/>
  <testcase name="testGreetingWithParameter" classname="edu.escuelaing.app.AppSvrTest" time="0.001"/>
  <testcase name="testExecuteServiceWithNumber" classname="edu.escuelaing.app.AppSvrTest" time="0.001"/>
  <testcase name="testSquareInvalidInput" classname="edu.escuelaing.app.AppSvrTest" time="0.001"/>
</testsuite>